0 info it worked if it ends with ok
1 verbose cli [ '/usr/local/bin/node', '/usr/local/bin/npm', 'publish' ]
2 info using npm@3.8.3
3 info using node@v5.10.1
4 verbose publish [ '.' ]
5 silly cache add args [ '.', null ]
6 verbose cache add spec .
7 silly cache add parsed spec Result {
7 silly cache add   raw: '.',
7 silly cache add   scope: null,
7 silly cache add   name: null,
7 silly cache add   rawSpec: '.',
7 silly cache add   spec: '/home/benjamin/Desktop/projects/node/broccoli-salesforce-deploy',
7 silly cache add   type: 'directory' }
8 verbose addLocalDirectory /home/benjamin/.npm/broccoli-salesforce-deploy/1.0.4/package.tgz not in flight; packing
9 verbose correctMkdir /home/benjamin/.npm correctMkdir not in flight; initializing
10 info lifecycle broccoli-salesforce-deploy@1.0.4~prepublish: broccoli-salesforce-deploy@1.0.4
11 silly lifecycle broccoli-salesforce-deploy@1.0.4~prepublish: no script for prepublish, continuing
12 verbose tar pack [ '/home/benjamin/.npm/broccoli-salesforce-deploy/1.0.4/package.tgz',
12 verbose tar pack   '/home/benjamin/Desktop/projects/node/broccoli-salesforce-deploy' ]
13 verbose tarball /home/benjamin/.npm/broccoli-salesforce-deploy/1.0.4/package.tgz
14 verbose folder /home/benjamin/Desktop/projects/node/broccoli-salesforce-deploy
15 verbose addLocalTarball adding from inside cache /home/benjamin/.npm/broccoli-salesforce-deploy/1.0.4/package.tgz
16 verbose correctMkdir /home/benjamin/.npm correctMkdir not in flight; initializing
17 silly cache afterAdd broccoli-salesforce-deploy@1.0.4
18 verbose afterAdd /home/benjamin/.npm/broccoli-salesforce-deploy/1.0.4/package/package.json not in flight; writing
19 verbose correctMkdir /home/benjamin/.npm correctMkdir not in flight; initializing
20 verbose afterAdd /home/benjamin/.npm/broccoli-salesforce-deploy/1.0.4/package/package.json written
21 silly publish { name: 'broccoli-salesforce-deploy',
21 silly publish   version: '1.0.4',
21 silly publish   description: 'A broccoli plugin to deploy files to a salesforce org using the tooling ap',
21 silly publish   main: 'index.js',
21 silly publish   scripts: { test: 'node runTests.js' },
21 silly publish   repository:
21 silly publish    { type: 'git',
21 silly publish      url: 'git+https://github.com/bvellacott/broccoli-salesforce-deploy.git' },
21 silly publish   keywords: [ 'broccoli', 'plugin', 'salesforce', 'deploy', 'tooling', 'api' ],
21 silly publish   author: { name: 'Benjamin Vellacott' },
21 silly publish   license: 'MIT',
21 silly publish   bugs: { url: 'https://github.com/bvellacott/broccoli-salesforce-deploy/issues' },
21 silly publish   homepage: 'https://github.com/bvellacott/broccoli-salesforce-deploy#readme',
21 silly publish   dependencies:
21 silly publish    { 'broccoli-caching-writer': '3.0.3',
21 silly publish      jsforce: '1.7.1',
21 silly publish      jsonfile: '2.4.0' },
21 silly publish   devDependencies: { istanbul: '0.4.5', qunit: '0.9.1' },
21 silly publish   readme: '# broccoli-salesforce-deploy\nA broccoli plugin to deploy files to a salesforce org using the tooling api \n\n## an example Brocfile.js for deploying a resource dir as a salesforce staticresource\n\n```\n// Brocfile.js\n//\n// This setup will deploy the directory MyResource.resource \n// as a static resource called MyResource.\n// You can download the produced zip file from http://localhost:4200\n// when broccoli is running.\n//\n\nvar funnel = require(\'broccoli-funnel\');\nvar zip = require(\'broccoli-zip-js\');\nvar deploy = require(\'broccoli-salesforce-deploy\');\nvar mergeNodes = require(\'broccoli-merge-trees\');\n\ndeploy.setLogLevel(\'info\');\n\n// Give you\'re directory name here - the actual directory looked for will be \'MyResource.resource\'\nvar resourceName = \'MyReource\';\n\n// zip the directory into \'MyResource.zip\'\nresource = zip(resourceName + \'.resource\', { name: resourceName + \'.zip\' });\n\n// deploy the resource to salesforce\ndeployed = deploy(resource, {\n\tfile: resourceName + \'.zip\',\n\ttype: \'StaticResource\',\n\tskipFirstBuild: true,\n\tloginUrl: \'https://test.salesforce.com\',\n\tusername: \'MyUsername@SomeDomain.com\',\n\tpassword: \'somePassword\',\n\tsecurityToken: \'someSecurityToken\'\n});\n\nmodule.exports = mergeNodes([ deployed ]);\n```\n',
21 silly publish   readmeFilename: 'README.md',
21 silly publish   gitHead: 'a56168182560357f9e78a95278acd5cf5d407c67',
21 silly publish   _id: 'broccoli-salesforce-deploy@1.0.4',
21 silly publish   _shasum: '86c4f7ff46e78d7465b5eb8dc4432cf6b4f26c40',
21 silly publish   _from: '.' }
22 verbose getPublishConfig undefined
23 silly mapToRegistry name broccoli-salesforce-deploy
24 silly mapToRegistry using default registry
25 silly mapToRegistry registry https://registry.npmjs.org/
26 silly mapToRegistry data Result {
26 silly mapToRegistry   raw: 'broccoli-salesforce-deploy',
26 silly mapToRegistry   scope: null,
26 silly mapToRegistry   name: 'broccoli-salesforce-deploy',
26 silly mapToRegistry   rawSpec: '',
26 silly mapToRegistry   spec: 'latest',
26 silly mapToRegistry   type: 'tag' }
27 silly mapToRegistry uri https://registry.npmjs.org/broccoli-salesforce-deploy
28 verbose publish registryBase https://registry.npmjs.org/
29 silly publish uploading /home/benjamin/.npm/broccoli-salesforce-deploy/1.0.4/package.tgz
30 verbose request uri https://registry.npmjs.org/broccoli-salesforce-deploy
31 verbose request sending authorization for write operation
32 info attempt registry request try #1 at 3:40:42 AM
33 verbose request using bearer token for auth
34 verbose request id c520a2e48231cae7
35 http request PUT https://registry.npmjs.org/broccoli-salesforce-deploy
36 http 403 https://registry.npmjs.org/broccoli-salesforce-deploy
37 verbose headers { 'content-type': 'application/json',
37 verbose headers   'cache-control': 'max-age=300',
37 verbose headers   'content-length': '95',
37 verbose headers   'accept-ranges': 'bytes',
37 verbose headers   date: 'Tue, 14 Feb 2017 03:40:44 GMT',
37 verbose headers   via: '1.1 varnish',
37 verbose headers   connection: 'keep-alive',
37 verbose headers   'x-served-by': 'cache-lcy1123-LCY',
37 verbose headers   'x-cache': 'MISS',
37 verbose headers   'x-cache-hits': '0',
37 verbose headers   'x-timer': 'S1487043642.190733,VS0,VE1967',
37 verbose headers   vary: 'Accept-Encoding' }
38 verbose request invalidating /home/benjamin/.npm/registry.npmjs.org/broccoli-salesforce-deploy on PUT
39 error publish Failed PUT 403
40 verbose stack Error: "You cannot publish over the previously published version 1.0.4." : broccoli-salesforce-deploy
40 verbose stack     at makeError (/usr/local/lib/node_modules/npm/node_modules/npm-registry-client/lib/request.js:264:12)
40 verbose stack     at CachingRegistryClient.<anonymous> (/usr/local/lib/node_modules/npm/node_modules/npm-registry-client/lib/request.js:252:14)
40 verbose stack     at Request._callback (/usr/local/lib/node_modules/npm/node_modules/npm-registry-client/lib/request.js:172:14)
40 verbose stack     at Request.self.callback (/usr/local/lib/node_modules/npm/node_modules/request/request.js:199:22)
40 verbose stack     at emitTwo (events.js:100:13)
40 verbose stack     at Request.emit (events.js:185:7)
40 verbose stack     at Request.<anonymous> (/usr/local/lib/node_modules/npm/node_modules/request/request.js:1036:10)
40 verbose stack     at emitOne (events.js:95:20)
40 verbose stack     at Request.emit (events.js:182:7)
40 verbose stack     at IncomingMessage.<anonymous> (/usr/local/lib/node_modules/npm/node_modules/request/request.js:963:12)
41 verbose statusCode 403
42 verbose pkgid broccoli-salesforce-deploy
43 verbose cwd /home/benjamin/Desktop/projects/node/broccoli-salesforce-deploy
44 error Linux 3.16.0-4-amd64
45 error argv "/usr/local/bin/node" "/usr/local/bin/npm" "publish"
46 error node v5.10.1
47 error npm  v3.8.3
48 error code E403
49 error "You cannot publish over the previously published version 1.0.4." : broccoli-salesforce-deploy
50 error If you need help, you may report this error at:
50 error     <https://github.com/npm/npm/issues>
51 verbose exit [ 1, true ]
